INFO - 2024-08-26 12:28:17 --> Session: Class initialized using 'CodeIgniter\Session\Handlers\FileHandler' driver.
WARNING - 2024-08-26 12:28:17 --> [DEPRECATED] Optional parameter $where_criteria declared before required parameter $table_field is implicitly treated as a required parameter in APPPATH/Libraries/AppLib.php on line 133.
 1 SYSTEMPATH/Autoloader/Autoloader.php(328): include_once('/var/www/vhosts/whatpanel.com/httpdocs/system/Debug/Exceptions.php')
 2 SYSTEMPATH/Autoloader/Autoloader.php(272): CodeIgniter\Autoloader\Autoloader->includeFile('/var/www/vhosts/whatpanel.com/httpdocs/vendor/composer/../../app/Libraries/AppLib.php')
 3 APPPATH/Views/modules/dashboard/user_home.php(190): CodeIgniter\Autoloader\Autoloader->loadClassmap('App\\Libraries\\AppLib')
 4 SYSTEMPATH/View/View.php(236): include('/var/www/vhosts/whatpanel.com/httpdocs/app/Views/modules/dashboard/user_home.php')
 5 SYSTEMPATH/View/View.php(239): CodeIgniter\View\View->CodeIgniter\View\{closure}()
 6 SYSTEMPATH/Common.php(1198): CodeIgniter\View\View->render('modules/dashboard/user_home', [], true)
 7 APPPATH/Modules/Dashboard/Controllers/DashboardController.php(72): view('modules/dashboard/user_home', [...])
 8 SYSTEMPATH/CodeIgniter.php(950): App\Modules\Dashboard\controllers\DashboardController->index()
 9 SYSTEMPATH/CodeIgniter.php(510): CodeIgniter\CodeIgniter->runController(Object(App\Modules\Dashboard\controllers\DashboardController))
10 SYSTEMPATH/CodeIgniter.php(369): CodeIgniter\CodeIgniter->handleRequest(null, Object(Config\Cache), false)
11 FCPATH/index.php(87): CodeIgniter\CodeIgniter->run()
WARNING - 2024-08-26 12:28:17 --> [DEPRECATED] Optional parameter $activated declared before required parameter $company is implicitly treated as a required parameter in APPPATH/Models/Users.php on line 172.
 1 SYSTEMPATH/Autoloader/Autoloader.php(328): include_once('/var/www/vhosts/whatpanel.com/httpdocs/system/Debug/Exceptions.php')
 2 SYSTEMPATH/Autoloader/Autoloader.php(307): CodeIgniter\Autoloader\Autoloader->includeFile('/var/www/vhosts/whatpanel.com/httpdocs/app/Models/Users.php')
 3 SYSTEMPATH/Autoloader/Autoloader.php(285): CodeIgniter\Autoloader\Autoloader->loadInNamespace('App\\Models\\Users')
 4 APPPATH/Libraries/Tank_auth.php(54): CodeIgniter\Autoloader\Autoloader->loadClass('App\\Models\\Users')
 5 APPPATH/Models/User.php(81): App\Libraries\Tank_auth->__construct()
 6 APPPATH/ThirdParty/MX/WhatPanel.php(71): App\Models\User->__construct(Object(CodeIgniter\Database\MySQLi\Connection))
 7 APPPATH/Modules/sidebar/controllers/Sidebar.php(21): App\ThirdParty\MX\WhatPanel->__construct()
 8 APPPATH/Views/layouts/users.php(78): App\Modules\sidebar\controllers\Sidebar->__construct()
 9 SYSTEMPATH/View/View.php(236): include('/var/www/vhosts/whatpanel.com/httpdocs/app/Views/layouts/users.php')
10 SYSTEMPATH/View/View.php(239): CodeIgniter\View\View->CodeIgniter\View\{closure}()
11 SYSTEMPATH/View/View.php(252): CodeIgniter\View\View->render('layouts/users', [], true)
12 SYSTEMPATH/Common.php(1198): CodeIgniter\View\View->render('modules/dashboard/user_home', [], true)
13 APPPATH/Modules/Dashboard/Controllers/DashboardController.php(72): view('modules/dashboard/user_home', [...])
14 SYSTEMPATH/CodeIgniter.php(950): App\Modules\Dashboard\controllers\DashboardController->index()
15 SYSTEMPATH/CodeIgniter.php(510): CodeIgniter\CodeIgniter->runController(Object(App\Modules\Dashboard\controllers\DashboardController))
16 SYSTEMPATH/CodeIgniter.php(369): CodeIgniter\CodeIgniter->handleRequest(null, Object(Config\Cache), false)
17 FCPATH/index.php(87): CodeIgniter\CodeIgniter->run()
WARNING - 2024-08-26 12:28:17 --> [DEPRECATED] Optional parameter $array declared before required parameter $type is implicitly treated as a required parameter in APPPATH/Models/Domain.php on line 62.
 1 SYSTEMPATH/Autoloader/Autoloader.php(328): include_once('/var/www/vhosts/whatpanel.com/httpdocs/system/Debug/Exceptions.php')
 2 SYSTEMPATH/Autoloader/Autoloader.php(307): CodeIgniter\Autoloader\Autoloader->includeFile('/var/www/vhosts/whatpanel.com/httpdocs/app/Models/Domain.php')
 3 SYSTEMPATH/Autoloader/Autoloader.php(285): CodeIgniter\Autoloader\Autoloader->loadInNamespace('App\\Models\\Domain')
 4 APPPATH/ThirdParty/MX/WhatPanel.php(76): CodeIgniter\Autoloader\Autoloader->loadClass('App\\Models\\Domain')
 5 APPPATH/Modules/sidebar/controllers/Sidebar.php(21): App\ThirdParty\MX\WhatPanel->__construct()
 6 APPPATH/Views/layouts/users.php(78): App\Modules\sidebar\controllers\Sidebar->__construct()
 7 SYSTEMPATH/View/View.php(236): include('/var/www/vhosts/whatpanel.com/httpdocs/app/Views/layouts/users.php')
 8 SYSTEMPATH/View/View.php(239): CodeIgniter\View\View->CodeIgniter\View\{closure}()
 9 SYSTEMPATH/View/View.php(252): CodeIgniter\View\View->render('layouts/users', [], true)
10 SYSTEMPATH/Common.php(1198): CodeIgniter\View\View->render('modules/dashboard/user_home', [], true)
11 APPPATH/Modules/Dashboard/Controllers/DashboardController.php(72): view('modules/dashboard/user_home', [...])
12 SYSTEMPATH/CodeIgniter.php(950): App\Modules\Dashboard\controllers\DashboardController->index()
13 SYSTEMPATH/CodeIgniter.php(510): CodeIgniter\CodeIgniter->runController(Object(App\Modules\Dashboard\controllers\DashboardController))
14 SYSTEMPATH/CodeIgniter.php(369): CodeIgniter\CodeIgniter->handleRequest(null, Object(Config\Cache), false)
15 FCPATH/index.php(87): CodeIgniter\CodeIgniter->run()
WARNING - 2024-08-26 12:28:17 --> [DEPRECATED] Creation of dynamic property App\Modules\auth\controllers\Auth::$form_validation is deprecated in APPPATH/Modules/auth/controllers/Auth.php on line 47.
 1 APPPATH/Views/modules/sidebar/top_header.php(20): App\Modules\auth\controllers\Auth->__construct()
 2 SYSTEMPATH/View/View.php(236): include('/var/www/vhosts/whatpanel.com/httpdocs/app/Views/modules/sidebar/top_header.php')
 3 SYSTEMPATH/View/View.php(239): CodeIgniter\View\View->CodeIgniter\View\{closure}()
 4 SYSTEMPATH/Common.php(1198): CodeIgniter\View\View->render('modules/sidebar/top_header', [], true)
 5 APPPATH/Modules/sidebar/controllers/Sidebar.php(53): view('modules/sidebar/top_header', [...])
 6 APPPATH/Views/layouts/users.php(79): App\Modules\sidebar\controllers\Sidebar->top_header()
 7 SYSTEMPATH/View/View.php(236): include('/var/www/vhosts/whatpanel.com/httpdocs/app/Views/layouts/users.php')
 8 SYSTEMPATH/View/View.php(239): CodeIgniter\View\View->CodeIgniter\View\{closure}()
 9 SYSTEMPATH/View/View.php(252): CodeIgniter\View\View->render('layouts/users', [], true)
10 SYSTEMPATH/Common.php(1198): CodeIgniter\View\View->render('modules/dashboard/user_home', [], true)
11 APPPATH/Modules/Dashboard/Controllers/DashboardController.php(72): view('modules/dashboard/user_home', [...])
12 SYSTEMPATH/CodeIgniter.php(950): App\Modules\Dashboard\controllers\DashboardController->index()
13 SYSTEMPATH/CodeIgniter.php(510): CodeIgniter\CodeIgniter->runController(Object(App\Modules\Dashboard\controllers\DashboardController))
14 SYSTEMPATH/CodeIgniter.php(369): CodeIgniter\CodeIgniter->handleRequest(null, Object(Config\Cache), false)
15 FCPATH/index.php(87): CodeIgniter\CodeIgniter->run()
WARNING - 2024-08-26 12:28:17 --> [DEPRECATED] Creation of dynamic property App\Modules\auth\controllers\Auth::$layouts is deprecated in APPPATH/Modules/auth/controllers/Auth.php on line 83.
 1 APPPATH/Views/modules/sidebar/top_header.php(20): App\Modules\auth\controllers\Auth->__construct()
 2 SYSTEMPATH/View/View.php(236): include('/var/www/vhosts/whatpanel.com/httpdocs/app/Views/modules/sidebar/top_header.php')
 3 SYSTEMPATH/View/View.php(239): CodeIgniter\View\View->CodeIgniter\View\{closure}()
 4 SYSTEMPATH/Common.php(1198): CodeIgniter\View\View->render('modules/sidebar/top_header', [], true)
 5 APPPATH/Modules/sidebar/controllers/Sidebar.php(53): view('modules/sidebar/top_header', [...])
 6 APPPATH/Views/layouts/users.php(79): App\Modules\sidebar\controllers\Sidebar->top_header()
 7 SYSTEMPATH/View/View.php(236): include('/var/www/vhosts/whatpanel.com/httpdocs/app/Views/layouts/users.php')
 8 SYSTEMPATH/View/View.php(239): CodeIgniter\View\View->CodeIgniter\View\{closure}()
 9 SYSTEMPATH/View/View.php(252): CodeIgniter\View\View->render('layouts/users', [], true)
10 SYSTEMPATH/Common.php(1198): CodeIgniter\View\View->render('modules/dashboard/user_home', [], true)
11 APPPATH/Modules/Dashboard/Controllers/DashboardController.php(72): view('modules/dashboard/user_home', [...])
12 SYSTEMPATH/CodeIgniter.php(950): App\Modules\Dashboard\controllers\DashboardController->index()
13 SYSTEMPATH/CodeIgniter.php(510): CodeIgniter\CodeIgniter->runController(Object(App\Modules\Dashboard\controllers\DashboardController))
14 SYSTEMPATH/CodeIgniter.php(369): CodeIgniter\CodeIgniter->handleRequest(null, Object(Config\Cache), false)
15 FCPATH/index.php(87): CodeIgniter\CodeIgniter->run()
WARNING - 2024-08-26 12:28:17 --> [DEPRECATED] Creation of dynamic property App\Modules\auth\controllers\Auth::$template is deprecated in APPPATH/Modules/auth/controllers/Auth.php on line 84.
 1 APPPATH/Views/modules/sidebar/top_header.php(20): App\Modules\auth\controllers\Auth->__construct()
 2 SYSTEMPATH/View/View.php(236): include('/var/www/vhosts/whatpanel.com/httpdocs/app/Views/modules/sidebar/top_header.php')
 3 SYSTEMPATH/View/View.php(239): CodeIgniter\View\View->CodeIgniter\View\{closure}()
 4 SYSTEMPATH/Common.php(1198): CodeIgniter\View\View->render('modules/sidebar/top_header', [], true)
 5 APPPATH/Modules/sidebar/controllers/Sidebar.php(53): view('modules/sidebar/top_header', [...])
 6 APPPATH/Views/layouts/users.php(79): App\Modules\sidebar\controllers\Sidebar->top_header()
 7 SYSTEMPATH/View/View.php(236): include('/var/www/vhosts/whatpanel.com/httpdocs/app/Views/layouts/users.php')
 8 SYSTEMPATH/View/View.php(239): CodeIgniter\View\View->CodeIgniter\View\{closure}()
 9 SYSTEMPATH/View/View.php(252): CodeIgniter\View\View->render('layouts/users', [], true)
10 SYSTEMPATH/Common.php(1198): CodeIgniter\View\View->render('modules/dashboard/user_home', [], true)
11 APPPATH/Modules/Dashboard/Controllers/DashboardController.php(72): view('modules/dashboard/user_home', [...])
12 SYSTEMPATH/CodeIgniter.php(950): App\Modules\Dashboard\controllers\DashboardController->index()
13 SYSTEMPATH/CodeIgniter.php(510): CodeIgniter\CodeIgniter->runController(Object(App\Modules\Dashboard\controllers\DashboardController))
14 SYSTEMPATH/CodeIgniter.php(369): CodeIgniter\CodeIgniter->handleRequest(null, Object(Config\Cache), false)
15 FCPATH/index.php(87): CodeIgniter\CodeIgniter->run()
